<?xml version="1.0" encoding="UTF-8"?>
<testng-results ignored="0" total="4" passed="4" failed="0" skipped="0">
  <reporter-output>
  </reporter-output>
  <suite started-at="2025-04-03T20:22:37 IDT" name="Default suite" finished-at="2025-04-03T20:22:51 IDT" duration-ms="13646">
    <groups>
    </groups>
    <test started-at="2025-04-03T20:22:37 IDT" name="Default test" finished-at="2025-04-03T20:22:51 IDT" duration-ms="13646">
      <class name="tests.DogMenuTest">
        <test-method is-config="true" signature="setup()[pri:0, instance:tests.DogMenuTest@31190526]" started-at="2025-04-03T20:22:37 IDT" name="setup" finished-at="2025-04-03T20:22:39 IDT" duration-ms="1615" status="PASS">
          <reporter-output>
          </reporter-output>
        </test-method> <!-- setup -->
        <test-method signature="testDogSelection(java.lang.String)[pri:0, instance:tests.DogMenuTest@31190526]" started-at="2025-04-03T20:22:40 IDT" name="testDogSelection" data-provider="dogNamesProvider" finished-at="2025-04-03T20:22:42 IDT" duration-ms="1354" status="PASS">
          <params>
            <param index="0">
              <value>
                <![CDATA[Home]]>
              </value>
            </param>
          </params>
          <reporter-output>
          </reporter-output>
        </test-method> <!-- testDogSelection -->
        <test-method signature="testDogSelection(java.lang.String)[pri:0, instance:tests.DogMenuTest@31190526]" started-at="2025-04-03T20:22:42 IDT" name="testDogSelection" data-provider="dogNamesProvider" finished-at="2025-04-03T20:22:45 IDT" duration-ms="3132" status="PASS">
          <params>
            <param index="0">
              <value>
                <![CDATA[Kika]]>
              </value>
            </param>
          </params>
          <reporter-output>
          </reporter-output>
        </test-method> <!-- testDogSelection -->
        <test-method signature="testDogSelection(java.lang.String)[pri:0, instance:tests.DogMenuTest@31190526]" started-at="2025-04-03T20:22:45 IDT" name="testDogSelection" data-provider="dogNamesProvider" finished-at="2025-04-03T20:22:48 IDT" duration-ms="2874" status="PASS">
          <params>
            <param index="0">
              <value>
                <![CDATA[Lychee]]>
              </value>
            </param>
          </params>
          <reporter-output>
          </reporter-output>
        </test-method> <!-- testDogSelection -->
        <test-method signature="testDogSelection(java.lang.String)[pri:0, instance:tests.DogMenuTest@31190526]" started-at="2025-04-03T20:22:48 IDT" name="testDogSelection" data-provider="dogNamesProvider" finished-at="2025-04-03T20:22:51 IDT" duration-ms="3122" status="PASS">
          <params>
            <param index="0">
              <value>
                <![CDATA[Kimba]]>
              </value>
            </param>
          </params>
          <reporter-output>
          </reporter-output>
        </test-method> <!-- testDogSelection -->
        <test-method is-config="true" signature="tearDown()[pri:0, instance:tests.DogMenuTest@31190526]" started-at="2025-04-03T20:22:51 IDT" name="tearDown" finished-at="2025-04-03T20:22:51 IDT" duration-ms="213" status="PASS">
          <reporter-output>
          </reporter-output>
        </test-method> <!-- tearDown -->
      </class> <!-- tests.DogMenuTest -->
    </test> <!-- Default test -->
  </suite> <!-- Default suite -->
</testng-results>
